12:46:30.534 [main] INFO  com.lucky.data_visual.MyApplication - Starting MyApplication using Java 17.0.17 with PID 20912 (D:\Study\Java\data-visual\target\classes started by 33193 in D:\Study\Java\data-visual)
12:46:30.536 [main] INFO  com.lucky.data_visual.MyApplication - No active profile set, falling back to 1 default profile: "default"
12:46:31.296 [main] INFO  o.s.b.w.e.tomcat.TomcatWebServer - Tomcat initialized with port 8080 (http)
12:46:31.303 [main] INFO  o.a.coyote.http11.Http11NioProtocol - Initializing ProtocolHandler ["http-nio-8080"]
12:46:31.303 [main] INFO  o.a.catalina.core.StandardService - Starting service [Tomcat]
12:46:31.304 [main] INFO  o.a.catalina.core.StandardEngine - Starting Servlet engine: [Apache Tomcat/10.1.34]
12:46:31.344 [main] INFO  o.a.c.c.C.[Tomcat].[localhost].[/] - Initializing Spring embedded WebApplicationContext
12:46:31.344 [main] INFO  o.s.b.w.s.c.ServletWebServerApplicationContext - Root WebApplicationContext: initialization completed in 783 ms
12:46:31.560 [main] INFO  o.s.v.b.OptionalValidatorFactoryBean - Failed to set up a Bean Validation provider: jakarta.validation.NoProviderFoundException: Unable to create a Configuration, because no Jakarta Bean Validation provider could be found. Add a provider like Hibernate Validator (RI) to your classpath.
12:46:31.835 [main] INFO  o.s.b.a.e.web.EndpointLinksResolver - Exposing 1 endpoint beneath base path '/actuator'
12:46:31.863 [main] INFO  o.a.coyote.http11.Http11NioProtocol - Starting ProtocolHandler ["http-nio-8080"]
12:46:31.875 [main] INFO  o.s.b.w.e.tomcat.TomcatWebServer - Tomcat started on port 8080 (http) with context path '/'
12:46:31.884 [main] INFO  com.lucky.data_visual.MyApplication - Started MyApplication in 1.584 seconds (process running for 2.106)
12:46:32.249 [RMI TCP Connection(4)-192.168.80.1] INFO  o.a.c.c.C.[Tomcat].[localhost].[/] - Initializing Spring DispatcherServlet 'dispatcherServlet'
12:46:32.250 [RMI TCP Connection(4)-192.168.80.1] INFO  o.s.web.servlet.DispatcherServlet - Initializing Servlet 'dispatcherServlet'
12:46:32.250 [RMI TCP Connection(4)-192.168.80.1] INFO  o.s.web.servlet.DispatcherServlet - Completed initialization in 0 ms
12:47:12.961 [SpringApplicationShutdownHook] INFO  o.s.b.w.e.tomcat.GracefulShutdown - Commencing graceful shutdown. Waiting for active requests to complete
12:47:13.017 [tomcat-shutdown] INFO  o.s.b.w.e.tomcat.GracefulShutdown - Graceful shutdown complete
12:47:14.948 [main] INFO  com.lucky.data_visual.MyApplication - Starting MyApplication using Java 17.0.17 with PID 18952 (D:\Study\Java\data-visual\target\classes started by 33193 in D:\Study\Java\data-visual)
12:47:14.949 [main] INFO  com.lucky.data_visual.MyApplication - No active profile set, falling back to 1 default profile: "default"
12:47:15.549 [main] INFO  o.s.b.w.e.tomcat.TomcatWebServer - Tomcat initialized with port 8080 (http)
12:47:15.555 [main] INFO  o.a.coyote.http11.Http11NioProtocol - Initializing ProtocolHandler ["http-nio-8080"]
12:47:15.555 [main] INFO  o.a.catalina.core.StandardService - Starting service [Tomcat]
12:47:15.556 [main] INFO  o.a.catalina.core.StandardEngine - Starting Servlet engine: [Apache Tomcat/10.1.34]
12:47:15.598 [main] INFO  o.a.c.c.C.[Tomcat].[localhost].[/] - Initializing Spring embedded WebApplicationContext
12:47:15.599 [main] INFO  o.s.b.w.s.c.ServletWebServerApplicationContext - Root WebApplicationContext: initialization completed in 629 ms
12:47:15.761 [main] INFO  o.s.v.b.OptionalValidatorFactoryBean - Failed to set up a Bean Validation provider: jakarta.validation.NoProviderFoundException: Unable to create a Configuration, because no Jakarta Bean Validation provider could be found. Add a provider like Hibernate Validator (RI) to your classpath.
12:47:15.986 [main] INFO  o.s.b.a.e.web.EndpointLinksResolver - Exposing 1 endpoint beneath base path '/actuator'
12:47:16.006 [main] INFO  o.a.coyote.http11.Http11NioProtocol - Starting ProtocolHandler ["http-nio-8080"]
12:47:16.016 [main] INFO  o.s.b.w.e.tomcat.TomcatWebServer - Tomcat started on port 8080 (http) with context path '/'
12:47:16.025 [main] INFO  com.lucky.data_visual.MyApplication - Started MyApplication in 1.27 seconds (process running for 1.736)
12:47:16.410 [RMI TCP Connection(1)-192.168.80.1] INFO  o.a.c.c.C.[Tomcat].[localhost].[/] - Initializing Spring DispatcherServlet 'dispatcherServlet'
12:47:16.410 [RMI TCP Connection(1)-192.168.80.1] INFO  o.s.web.servlet.DispatcherServlet - Initializing Servlet 'dispatcherServlet'
12:47:16.411 [RMI TCP Connection(1)-192.168.80.1] INFO  o.s.web.servlet.DispatcherServlet - Completed initialization in 1 ms
12:47:57.438 [http-nio-8080-exec-9] INFO  c.l.d.controller.DataController - ====== 样本数据读取成功 ======
12:47:57.441 [http-nio-8080-exec-9] INFO  c.l.data_visual.server.CsvFileServer - ====== 数据列类型转换成功 ======
12:49:10.185 [SpringApplicationShutdownHook] INFO  o.s.b.w.e.tomcat.GracefulShutdown - Commencing graceful shutdown. Waiting for active requests to complete
12:49:10.240 [tomcat-shutdown] INFO  o.s.b.w.e.tomcat.GracefulShutdown - Graceful shutdown complete
12:49:48.667 [main] INFO  com.lucky.data_visual.MyApplication - Starting MyApplication using Java 17.0.17 with PID 18716 (D:\Study\Java\data-visual\target\classes started by 33193 in D:\Study\Java\data-visual)
12:49:48.669 [main] INFO  com.lucky.data_visual.MyApplication - No active profile set, falling back to 1 default profile: "default"
12:49:49.317 [main] INFO  o.s.b.w.e.tomcat.TomcatWebServer - Tomcat initialized with port 8080 (http)
12:49:49.325 [main] INFO  o.a.coyote.http11.Http11NioProtocol - Initializing ProtocolHandler ["http-nio-8080"]
12:49:49.325 [main] INFO  o.a.catalina.core.StandardService - Starting service [Tomcat]
12:49:49.325 [main] INFO  o.a.catalina.core.StandardEngine - Starting Servlet engine: [Apache Tomcat/10.1.34]
12:49:49.369 [main] INFO  o.a.c.c.C.[Tomcat].[localhost].[/] - Initializing Spring embedded WebApplicationContext
12:49:49.370 [main] INFO  o.s.b.w.s.c.ServletWebServerApplicationContext - Root WebApplicationContext: initialization completed in 679 ms
12:49:49.555 [main] INFO  o.s.v.b.OptionalValidatorFactoryBean - Failed to set up a Bean Validation provider: jakarta.validation.NoProviderFoundException: Unable to create a Configuration, because no Jakarta Bean Validation provider could be found. Add a provider like Hibernate Validator (RI) to your classpath.
12:49:49.828 [main] INFO  o.s.b.a.e.web.EndpointLinksResolver - Exposing 1 endpoint beneath base path '/actuator'
12:49:49.853 [main] INFO  o.a.coyote.http11.Http11NioProtocol - Starting ProtocolHandler ["http-nio-8080"]
12:49:49.866 [main] INFO  o.s.b.w.e.tomcat.TomcatWebServer - Tomcat started on port 8080 (http) with context path '/'
12:49:49.875 [main] INFO  com.lucky.data_visual.MyApplication - Started MyApplication in 1.412 seconds (process running for 1.843)
12:49:50.211 [RMI TCP Connection(1)-192.168.80.1] INFO  o.a.c.c.C.[Tomcat].[localhost].[/] - Initializing Spring DispatcherServlet 'dispatcherServlet'
12:49:50.211 [RMI TCP Connection(1)-192.168.80.1] INFO  o.s.web.servlet.DispatcherServlet - Initializing Servlet 'dispatcherServlet'
12:49:50.212 [RMI TCP Connection(1)-192.168.80.1] INFO  o.s.web.servlet.DispatcherServlet - Completed initialization in 1 ms
12:50:04.003 [http-nio-8080-exec-3] INFO  c.l.d.controller.DataController - ====== 样本数据读取成功 ======
12:50:04.020 [http-nio-8080-exec-3] INFO  c.l.data_visual.server.CsvFileServer - ====== 数据列类型转换成功 ======
12:53:53.449 [SpringApplicationShutdownHook] INFO  o.s.b.w.e.tomcat.GracefulShutdown - Commencing graceful shutdown. Waiting for active requests to complete
12:53:53.508 [tomcat-shutdown] INFO  o.s.b.w.e.tomcat.GracefulShutdown - Graceful shutdown complete
13:00:49.024 [main] INFO  com.lucky.data_visual.MyApplication - Starting MyApplication using Java 17.0.17 with PID 12816 (D:\Study\Java\data-visual\target\classes started by 33193 in D:\Study\Java\data-visual)
13:00:49.026 [main] INFO  com.lucky.data_visual.MyApplication - No active profile set, falling back to 1 default profile: "default"
13:00:49.690 [main] INFO  o.s.b.w.e.tomcat.TomcatWebServer - Tomcat initialized with port 8080 (http)
13:00:49.696 [main] INFO  o.a.coyote.http11.Http11NioProtocol - Initializing ProtocolHandler ["http-nio-8080"]
13:00:49.696 [main] INFO  o.a.catalina.core.StandardService - Starting service [Tomcat]
13:00:49.697 [main] INFO  o.a.catalina.core.StandardEngine - Starting Servlet engine: [Apache Tomcat/10.1.34]
13:00:49.739 [main] INFO  o.a.c.c.C.[Tomcat].[localhost].[/] - Initializing Spring embedded WebApplicationContext
13:00:49.739 [main] INFO  o.s.b.w.s.c.ServletWebServerApplicationContext - Root WebApplicationContext: initialization completed in 687 ms
13:00:49.905 [main] INFO  o.s.v.b.OptionalValidatorFactoryBean - Failed to set up a Bean Validation provider: jakarta.validation.NoProviderFoundException: Unable to create a Configuration, because no Jakarta Bean Validation provider could be found. Add a provider like Hibernate Validator (RI) to your classpath.
13:00:50.123 [main] INFO  o.s.b.a.e.web.EndpointLinksResolver - Exposing 1 endpoint beneath base path '/actuator'
13:00:50.143 [main] INFO  o.a.coyote.http11.Http11NioProtocol - Starting ProtocolHandler ["http-nio-8080"]
13:00:50.154 [main] INFO  o.s.b.w.e.tomcat.TomcatWebServer - Tomcat started on port 8080 (http) with context path '/'
13:00:50.163 [main] INFO  com.lucky.data_visual.MyApplication - Started MyApplication in 1.38 seconds (process running for 2.061)
13:00:50.326 [RMI TCP Connection(1)-192.168.80.1] INFO  o.a.c.c.C.[Tomcat].[localhost].[/] - Initializing Spring DispatcherServlet 'dispatcherServlet'
13:00:50.327 [RMI TCP Connection(1)-192.168.80.1] INFO  o.s.web.servlet.DispatcherServlet - Initializing Servlet 'dispatcherServlet'
13:00:50.327 [RMI TCP Connection(1)-192.168.80.1] INFO  o.s.web.servlet.DispatcherServlet - Completed initialization in 0 ms
13:01:05.684 [http-nio-8080-exec-7] INFO  c.l.d.controller.DataController - ====== 样本数据读取成功 ======
13:01:05.690 [http-nio-8080-exec-7] INFO  c.l.data_visual.server.CsvFileServer - ====== 数据列类型转换成功 ======
13:01:42.173 [http-nio-8080-exec-2] INFO  c.l.data_visual.server.CsvFileServer - ====== 数据列类型转换成功 ======
13:02:14.971 [SpringApplicationShutdownHook] INFO  o.s.b.w.e.tomcat.GracefulShutdown - Commencing graceful shutdown. Waiting for active requests to complete
13:02:15.027 [tomcat-shutdown] INFO  o.s.b.w.e.tomcat.GracefulShutdown - Graceful shutdown complete
